{"page":"productivity=f(population)","date":1447869834,"ip":"::1"},
{"page":"productivity=f(population)","date":1447869932,"ip":"::1"},
{"page":"productivity=f(population)","date":1447870110,"ip":"::1"},
{"page":"productivity=f(population)","date":1447870273,"ip":"::1"},
{"page":"productivity=f(population)","date":1447870319,"ip":"::1"},
{"page":"productivity=f(population)","date":1447870321,"ip":"::1"},
{"page":"productivity=f(population)","date":1447870328,"ip":"::1"},
{"page":"productivity=f(population)","date":1447870640,"ip":"::1"},
{"page":"productivity=f(population)","date":1447870661,"ip":"::1"},
{"page":"productivity=f(population)","date":1447870675,"ip":"::1"},
{"page":"productivity=f(population)","date":1447870778,"ip":"::1"},
{"page":"productivity=f(population)","date":1447870795,"ip":"::1"},
{"page":"productivity=f(population)","date":1447870805,"ip":"::1"},
{"page":"productivity=f(population)","date":1447870815,"ip":"::1"},
{"page":"productivity=f(population)","date":1447870824,"ip":"::1"},
{"page":"specialness=f(population)","date":1447924934,"ip":"::1"},
{"page":"specialness=f(population)","date":1447924967,"ip":"::1"},
{"page":"specialness=f(population)","date":1447924973,"ip":"::1"},
{"page":"specialness=f(population)","date":1447925165,"ip":"::1"},
{"page":"specialness=f(population)","date":1447925182,"ip":"::1"},
{"page":"skill=f(peoples_skills,own_skills)","date":1447925586,"ip":"::1"},
{"page":"skill=f(peoples_skills,own_skills)","date":1447925606,"ip":"::1"},
{"page":"skill=f(peoples_skills,own_skills)","date":1447925684,"ip":"::1"},
{"page":"time_cost=f(strategies,decision_making)","date":1447926139,"ip":"::1"},
{"page":"time_cost=f(strategies,decision_making)","date":1447926204,"ip":"::1"},
{"page":"money_earned,money_desired=f(time)","date":1447926778,"ip":"::1"},
{"page":"partying_late,waking_up_early=f(age)","date":1447927314,"ip":"::1"},
{"page":"partying_late,waking_up_early=f(age)","date":1447927336,"ip":"::1"},
{"page":"total_happiness=f(number_of_kids)","date":1447951381,"ip":"::1"},
{"page":"productivity=f(population)","date":1447973898,"ip":"::1"},
{"page":"total_happiness=f(number_of_kids)","date":1447973924,"ip":"::1"},
{"page":"money_left,money_perceived=f(evening_weekend)","date":1448007724,"ip":"::1"},
{"page":"productivity=f(population)","date":1448016744,"ip":"::1"},
{"page":"productivity=f(population)","date":1448016747,"ip":"::1"},
{"page":"productivity=f(population)","date":1448016756,"ip":"::1"},
{"page":"productivity=f(population)","date":1448016758,"ip":"::1"},
{"page":"productivity=f(population)","date":1448016773,"ip":"::1"},
{"page":"productivity=f(population)","date":1448016811,"ip":"::1"},
{"page":"productivity=f(population)","date":1448017688,"ip":"::1"},
{"page":"productivity=f(population)","date":1448036094,"ip":"::1"},
{"page":"productivity=f(population)","date":1448036696,"ip":"::1"},
